<?xml version="1.0" encoding="UTF-8"?>
<!-- Generated by org.testng.reporters.JUnitXMLReporter -->
<testsuite ignored="4" hostname="DESKTOP-861PKDG" failures="0" tests="3" name="Test" time="0.026" errors="0" timestamp="2021-08-03T10:25:19 CDT">
  <testcase classname="com.Infosys.MyMaven.MyMavenProject.FirstTestClassWithTestNGAnnotation" name="stringCompareTest1" time="0.002"/>
  <testcase classname="com.Infosys.MyMaven.MyMavenProject.SecondTestClassWithTestNGAnnotation" name="stringCompareTest2" time="0.0"/>
  <testcase classname="com.Infosys.MyMaven.MyMavenProject.SecondTestClassWithTestNGAnnotation" name="stringCompareTest3" time="0.0"/>
  <testcase classname="com.Infosys.MyMaven.MyMavenProject.BaseFile" name="@BeforeSuite beforeSuite" time="0.0">
    <ignored/>
  </testcase> <!-- @BeforeSuite beforeSuite -->
  <testcase classname="com.Infosys.MyMaven.MyMavenProject.BaseFile" name="@BeforeTest beforeTest" time="0.0">
    <ignored/>
  </testcase> <!-- @BeforeTest beforeTest -->
  <testcase classname="com.Infosys.MyMaven.MyMavenProject.BaseFile" name="@AfterSuite afterSuite" time="0.0">
    <ignored/>
  </testcase> <!-- @AfterSuite afterSuite -->
  <testcase classname="com.Infosys.MyMaven.MyMavenProject.BaseFile" name="@AfterTest afterTest" time="0.0">
    <ignored/>
  </testcase> <!-- @AfterTest afterTest -->
</testsuite> <!-- Test -->
