<?xml version="1.0" encoding="UTF-8"?>
<testng-results ignored="4" total="7" passed="3" failed="0" skipped="0">
  <reporter-output>
  </reporter-output>
  <suite started-at="2021-08-03T10:25:36 CDT" name="Suite" finished-at="2021-08-03T10:25:36 CDT" duration-ms="32">
    <groups>
    </groups>
    <test started-at="2021-08-03T10:25:36 CDT" name="Test" finished-at="2021-08-03T10:25:36 CDT" duration-ms="32">
      <class name="com.Infosys.MyMaven.MyMavenProject.FirstTestClassWithTestNGAnnotation">
        <test-method is-config="true" signature="beforeSuite()[pri:0, instance:com.Infosys.MyMaven.MyMavenProject.FirstTestClassWithTestNGAnnotation@fd07cbb]" started-at="2021-08-03T10:25:36 CDT" name="beforeSuite" finished-at="2021-08-03T10:25:36 CDT" duration-ms="5" status="PASS">
          <reporter-output>
          </reporter-output>
        </test-method> <!-- beforeSuite -->
        <test-method is-config="true" signature="beforeTest()[pri:0, instance:com.Infosys.MyMaven.MyMavenProject.FirstTestClassWithTestNGAnnotation@fd07cbb]" started-at="2021-08-03T10:25:36 CDT" name="beforeTest" finished-at="2021-08-03T10:25:36 CDT" duration-ms="1" status="PASS">
          <reporter-output>
          </reporter-output>
        </test-method> <!-- beforeTest -->
        <test-method is-config="true" signature="beforeClass()[pri:0, instance:com.Infosys.MyMaven.MyMavenProject.FirstTestClassWithTestNGAnnotation@fd07cbb]" started-at="2021-08-03T10:25:36 CDT" name="beforeClass" finished-at="2021-08-03T10:25:36 CDT" duration-ms="0" status="PASS">
          <reporter-output>
          </reporter-output>
        </test-method> <!-- beforeClass -->
        <test-method is-config="true" signature="beforeMethod()[pri:0, instance:com.Infosys.MyMaven.MyMavenProject.FirstTestClassWithTestNGAnnotation@fd07cbb]" started-at="2021-08-03T10:25:36 CDT" name="beforeMethod" finished-at="2021-08-03T10:25:36 CDT" duration-ms="0" status="PASS">
          <reporter-output>
          </reporter-output>
        </test-method> <!-- beforeMethod -->
        <test-method signature="stringCompareTest1()[pri:0, instance:com.Infosys.MyMaven.MyMavenProject.FirstTestClassWithTestNGAnnotation@fd07cbb]" started-at="2021-08-03T10:25:36 CDT" name="stringCompareTest1" finished-at="2021-08-03T10:25:36 CDT" duration-ms="6" status="PASS">
          <reporter-output>
          </reporter-output>
        </test-method> <!-- stringCompareTest1 -->
        <test-method is-config="true" signature="afterMethod()[pri:0, instance:com.Infosys.MyMaven.MyMavenProject.FirstTestClassWithTestNGAnnotation@fd07cbb]" started-at="2021-08-03T10:25:36 CDT" name="afterMethod" finished-at="2021-08-03T10:25:36 CDT" duration-ms="0" status="PASS">
          <reporter-output>
          </reporter-output>
        </test-method> <!-- afterMethod -->
        <test-method is-config="true" signature="afterClass()[pri:0, instance:com.Infosys.MyMaven.MyMavenProject.FirstTestClassWithTestNGAnnotation@fd07cbb]" started-at="2021-08-03T10:25:36 CDT" name="afterClass" finished-at="2021-08-03T10:25:36 CDT" duration-ms="0" status="PASS">
          <reporter-output>
          </reporter-output>
        </test-method> <!-- afterClass -->
        <test-method is-config="true" signature="afterTest()[pri:0, instance:com.Infosys.MyMaven.MyMavenProject.FirstTestClassWithTestNGAnnotation@fd07cbb]" started-at="2021-08-03T10:25:36 CDT" name="afterTest" finished-at="2021-08-03T10:25:36 CDT" duration-ms="0" status="PASS">
          <reporter-output>
          </reporter-output>
        </test-method> <!-- afterTest -->
        <test-method is-config="true" signature="afterSuite()[pri:0, instance:com.Infosys.MyMaven.MyMavenProject.FirstTestClassWithTestNGAnnotation@fd07cbb]" started-at="2021-08-03T10:25:36 CDT" name="afterSuite" finished-at="2021-08-03T10:25:36 CDT" duration-ms="0" status="PASS">
          <reporter-output>
          </reporter-output>
        </test-method> <!-- afterSuite -->
      </class> <!-- com.Infosys.MyMaven.MyMavenProject.FirstTestClassWithTestNGAnnotation -->
      <class name="com.Infosys.MyMaven.MyMavenProject.SecondTestClassWithTestNGAnnotation">
        <test-method is-config="true" signature="beforeClass()[pri:0, instance:com.Infosys.MyMaven.MyMavenProject.SecondTestClassWithTestNGAnnotation@3571b748]" started-at="2021-08-03T10:25:36 CDT" name="beforeClass" finished-at="2021-08-03T10:25:36 CDT" duration-ms="0" status="PASS">
          <reporter-output>
          </reporter-output>
        </test-method> <!-- beforeClass -->
        <test-method is-config="true" signature="beforeMethod()[pri:0, instance:com.Infosys.MyMaven.MyMavenProject.SecondTestClassWithTestNGAnnotation@3571b748]" started-at="2021-08-03T10:25:36 CDT" name="beforeMethod" finished-at="2021-08-03T10:25:36 CDT" duration-ms="0" status="PASS">
          <reporter-output>
          </reporter-output>
        </test-method> <!-- beforeMethod -->
        <test-method signature="stringCompareTest2()[pri:0, instance:com.Infosys.MyMaven.MyMavenProject.SecondTestClassWithTestNGAnnotation@3571b748]" started-at="2021-08-03T10:25:36 CDT" name="stringCompareTest2" finished-at="2021-08-03T10:25:36 CDT" duration-ms="0" status="PASS">
          <reporter-output>
          </reporter-output>
        </test-method> <!-- stringCompareTest2 -->
        <test-method is-config="true" signature="beforeMethod()[pri:0, instance:com.Infosys.MyMaven.MyMavenProject.SecondTestClassWithTestNGAnnotation@3571b748]" started-at="2021-08-03T10:25:36 CDT" name="beforeMethod" finished-at="2021-08-03T10:25:36 CDT" duration-ms="1" status="PASS">
          <reporter-output>
          </reporter-output>
        </test-method> <!-- beforeMethod -->
        <test-method is-config="true" signature="afterMethod()[pri:0, instance:com.Infosys.MyMaven.MyMavenProject.SecondTestClassWithTestNGAnnotation@3571b748]" started-at="2021-08-03T10:25:36 CDT" name="afterMethod" finished-at="2021-08-03T10:25:36 CDT" duration-ms="0" status="PASS">
          <reporter-output>
          </reporter-output>
        </test-method> <!-- afterMethod -->
        <test-method signature="stringCompareTest3()[pri:0, instance:com.Infosys.MyMaven.MyMavenProject.SecondTestClassWithTestNGAnnotation@3571b748]" started-at="2021-08-03T10:25:36 CDT" name="stringCompareTest3" finished-at="2021-08-03T10:25:36 CDT" duration-ms="1" status="PASS">
          <reporter-output>
          </reporter-output>
        </test-method> <!-- stringCompareTest3 -->
        <test-method is-config="true" signature="afterMethod()[pri:0, instance:com.Infosys.MyMaven.MyMavenProject.SecondTestClassWithTestNGAnnotation@3571b748]" started-at="2021-08-03T10:25:36 CDT" name="afterMethod" finished-at="2021-08-03T10:25:36 CDT" duration-ms="0" status="PASS">
          <reporter-output>
          </reporter-output>
        </test-method> <!-- afterMethod -->
        <test-method is-config="true" signature="afterClass()[pri:0, instance:com.Infosys.MyMaven.MyMavenProject.SecondTestClassWithTestNGAnnotation@3571b748]" started-at="2021-08-03T10:25:36 CDT" name="afterClass" finished-at="2021-08-03T10:25:36 CDT" duration-ms="0" status="PASS">
          <reporter-output>
          </reporter-output>
        </test-method> <!-- afterClass -->
      </class> <!-- com.Infosys.MyMaven.MyMavenProject.SecondTestClassWithTestNGAnnotation -->
    </test> <!-- Test -->
  </suite> <!-- Suite -->
</testng-results>
