<?xml version="1.0" encoding="UTF-8"?>
<!-- Generated by org.testng.reporters.JUnitReportReporter -->
<testsuite hostname="DESKTOP-861PKDG" failures="0" tests="2" name="com.Infosys.MyMaven.MyMavenProject.SecondTestClassWithTestNGAnnotation" time="0.002" errors="0" timestamp="2021-08-03T10:25:36 CDT" skipped="0">
  <testcase classname="com.Infosys.MyMaven.MyMavenProject.SecondTestClassWithTestNGAnnotation" name="stringCompareTest3" time="0.001"/>
  <system-out/>
  <testcase classname="com.Infosys.MyMaven.MyMavenProject.SecondTestClassWithTestNGAnnotation" name="stringCompareTest2" time="0.001"/>
  <system-out/>
</testsuite> <!-- com.Infosys.MyMaven.MyMavenProject.SecondTestClassWithTestNGAnnotation -->
